CRITICAL - 2023-05-18 11:34:25 --> Invalid file: "home/index.php"
in SYSTEMPATH\Exceptions\FrameworkException.php on line 33.
 1 SYSTEMPATH\View\View.php(201): CodeIgniter\Exceptions\FrameworkException::forInvalidFile('home/index.php')
 2 SYSTEMPATH\Common.php(1184): CodeIgniter\View\View->render('home/index.php', [], true)
 3 APPPATH\Controllers\Pages.php(21): view('home/index.php')
 4 SYSTEMPATH\CodeIgniter.php(934): App\Controllers\Pages->index('home')
 5 SYSTEMPATH\CodeIgniter.php(499): CodeIgniter\CodeIgniter->runController(Object(App\Controllers\Pages))
 6 SYSTEMPATH\CodeIgniter.php(368): CodeIgniter\CodeIgniter->handleRequest(null, Object(Config\Cache), false)
 7 FCPATH\index.php(67): CodeIgniter\CodeIgniter->run()
 8 SYSTEMPATH\Commands\Server\rewrite.php(47): require_once('C:\\xampp\\htdocs\\projeto-clinica\\public\\index.php')
CRITICAL - 2023-05-18 11:34:47 --> Invalid file: "home/index.php"
in SYSTEMPATH\Exceptions\FrameworkException.php on line 33.
 1 SYSTEMPATH\View\View.php(201): CodeIgniter\Exceptions\FrameworkException::forInvalidFile('home/index.php')
 2 SYSTEMPATH\Common.php(1184): CodeIgniter\View\View->render('home/index.php', [], true)
 3 APPPATH\Controllers\Pages.php(21): view('home/index.php')
 4 SYSTEMPATH\CodeIgniter.php(934): App\Controllers\Pages->index('home')
 5 SYSTEMPATH\CodeIgniter.php(499): CodeIgniter\CodeIgniter->runController(Object(App\Controllers\Pages))
 6 SYSTEMPATH\CodeIgniter.php(368): CodeIgniter\CodeIgniter->handleRequest(null, Object(Config\Cache), false)
 7 FCPATH\index.php(67): CodeIgniter\CodeIgniter->run()
 8 SYSTEMPATH\Commands\Server\rewrite.php(47): require_once('C:\\xampp\\htdocs\\projeto-clinica\\public\\index.php')
CRITICAL - 2023-05-18 12:07:10 --> Invalid file: "pages/usuario/index.php"
in SYSTEMPATH\Exceptions\FrameworkException.php on line 33.
 1 SYSTEMPATH\View\View.php(201): CodeIgniter\Exceptions\FrameworkException::forInvalidFile('pages/usuario/index.php')
 2 SYSTEMPATH\Common.php(1184): CodeIgniter\View\View->render('pages/usuario/index.php', [], true)
 3 APPPATH\Controllers\Usuario.php(14): view('pages/usuario/index.php')
 4 SYSTEMPATH\CodeIgniter.php(934): App\Controllers\Usuario->index()
 5 SYSTEMPATH\CodeIgniter.php(499): CodeIgniter\CodeIgniter->runController(Object(App\Controllers\Usuario))
 6 SYSTEMPATH\CodeIgniter.php(368): CodeIgniter\CodeIgniter->handleRequest(null, Object(Config\Cache), false)
 7 FCPATH\index.php(67): CodeIgniter\CodeIgniter->run()
 8 SYSTEMPATH\Commands\Server\rewrite.php(47): require_once('C:\\xampp\\htdocs\\projeto-clinica\\public\\index.php')
CRITICAL - 2023-05-18 12:18:46 --> Invalid file: "pages/usuario/index.php"
in SYSTEMPATH\Exceptions\FrameworkException.php on line 33.
 1 SYSTEMPATH\View\View.php(201): CodeIgniter\Exceptions\FrameworkException::forInvalidFile('pages/usuario/index.php')
 2 SYSTEMPATH\Common.php(1184): CodeIgniter\View\View->render('pages/usuario/index.php', [], true)
 3 APPPATH\Controllers\Usuario.php(15): view('pages/usuario/index.php')
 4 SYSTEMPATH\CodeIgniter.php(934): App\Controllers\Usuario->index()
 5 SYSTEMPATH\CodeIgniter.php(499): CodeIgniter\CodeIgniter->runController(Object(App\Controllers\Usuario))
 6 SYSTEMPATH\CodeIgniter.php(368): CodeIgniter\CodeIgniter->handleRequest(null, Object(Config\Cache), false)
 7 FCPATH\index.php(67): CodeIgniter\CodeIgniter->run()
 8 SYSTEMPATH\Commands\Server\rewrite.php(47): require_once('C:\\xampp\\htdocs\\projeto-clinica\\public\\index.php')
CRITICAL - 2023-05-18 19:47:18 --> Undefined variable $title
in APPPATH\Views\app\app.php on line 7.
 1 APPPATH\Views\app\app.php(7): CodeIgniter\Debug\Exceptions->errorHandler(2, 'Undefined variable $title', 'C:\\xampp\\htdocs\\projeto-clinica\\app\\Views\\app\\app.php', 7)
 2 SYSTEMPATH\View\View.php(213): include('C:\\xampp\\htdocs\\projeto-clinica\\app\\Views\\app\\app.php')
 3 SYSTEMPATH\View\View.php(216): CodeIgniter\View\View->CodeIgniter\View\{closure}()
 4 SYSTEMPATH\Common.php(1184): CodeIgniter\View\View->render('app/app.php', [], true)
 5 APPPATH\Controllers\Usuario.php(18): view('app/app.php')
 6 SYSTEMPATH\CodeIgniter.php(934): App\Controllers\Usuario->index()
 7 SYSTEMPATH\CodeIgniter.php(499): CodeIgniter\CodeIgniter->runController(Object(App\Controllers\Usuario))
 8 SYSTEMPATH\CodeIgniter.php(368): CodeIgniter\CodeIgniter->handleRequest(null, Object(Config\Cache), false)
 9 FCPATH\index.php(67): CodeIgniter\CodeIgniter->run()
10 SYSTEMPATH\Commands\Server\rewrite.php(47): require_once('C:\\xampp\\htdocs\\projeto-clinica\\public\\index.php')
CRITICAL - 2023-05-18 19:50:12 --> Undefined variable $title
in APPPATH\Views\app\app.php on line 7.
 1 APPPATH\Views\app\app.php(7): CodeIgniter\Debug\Exceptions->errorHandler(2, 'Undefined variable $title', 'C:\\xampp\\htdocs\\projeto-clinica\\app\\Views\\app\\app.php', 7)
 2 SYSTEMPATH\View\View.php(213): include('C:\\xampp\\htdocs\\projeto-clinica\\app\\Views\\app\\app.php')
 3 SYSTEMPATH\View\View.php(216): CodeIgniter\View\View->CodeIgniter\View\{closure}()
 4 SYSTEMPATH\View\View.php(229): CodeIgniter\View\View->render('app/app', [], true)
 5 SYSTEMPATH\Common.php(1184): CodeIgniter\View\View->render('pages/usuario/index.php', [], true)
 6 APPPATH\Controllers\Usuario.php(19): view('pages/usuario/index.php')
 7 SYSTEMPATH\CodeIgniter.php(934): App\Controllers\Usuario->index()
 8 SYSTEMPATH\CodeIgniter.php(499): CodeIgniter\CodeIgniter->runController(Object(App\Controllers\Usuario))
 9 SYSTEMPATH\CodeIgniter.php(368): CodeIgniter\CodeIgniter->handleRequest(null, Object(Config\Cache), false)
10 FCPATH\index.php(67): CodeIgniter\CodeIgniter->run()
11 SYSTEMPATH\Commands\Server\rewrite.php(47): require_once('C:\\xampp\\htdocs\\projeto-clinica\\public\\index.php')
CRITICAL - 2023-05-18 19:51:43 --> Undefined variable $title
in APPPATH\Views\app\app.php on line 7.
 1 APPPATH\Views\app\app.php(7): CodeIgniter\Debug\Exceptions->errorHandler(2, 'Undefined variable $title', 'C:\\xampp\\htdocs\\projeto-clinica\\app\\Views\\app\\app.php', 7)
 2 SYSTEMPATH\View\View.php(213): include('C:\\xampp\\htdocs\\projeto-clinica\\app\\Views\\app\\app.php')
 3 SYSTEMPATH\View\View.php(216): CodeIgniter\View\View->CodeIgniter\View\{closure}()
 4 SYSTEMPATH\View\View.php(229): CodeIgniter\View\View->render('app/app.php', [], true)
 5 SYSTEMPATH\Common.php(1184): CodeIgniter\View\View->render('pages/usuario/index.php', [], true)
 6 APPPATH\Controllers\Usuario.php(19): view('pages/usuario/index.php')
 7 SYSTEMPATH\CodeIgniter.php(934): App\Controllers\Usuario->index()
 8 SYSTEMPATH\CodeIgniter.php(499): CodeIgniter\CodeIgniter->runController(Object(App\Controllers\Usuario))
 9 SYSTEMPATH\CodeIgniter.php(368): CodeIgniter\CodeIgniter->handleRequest(null, Object(Config\Cache), false)
10 FCPATH\index.php(67): CodeIgniter\CodeIgniter->run()
11 SYSTEMPATH\Commands\Server\rewrite.php(47): require_once('C:\\xampp\\htdocs\\projeto-clinica\\public\\index.php')
CRITICAL - 2023-05-18 19:51:48 --> Invalid file: "app.php"
in SYSTEMPATH\Exceptions\FrameworkException.php on line 33.
 1 SYSTEMPATH\View\View.php(201): CodeIgniter\Exceptions\FrameworkException::forInvalidFile('app.php')
 2 SYSTEMPATH\View\View.php(229): CodeIgniter\View\View->render('app', [], true)
 3 SYSTEMPATH\Common.php(1184): CodeIgniter\View\View->render('pages/usuario/index.php', [], true)
 4 APPPATH\Controllers\Usuario.php(19): view('pages/usuario/index.php')
 5 SYSTEMPATH\CodeIgniter.php(934): App\Controllers\Usuario->index()
 6 SYSTEMPATH\CodeIgniter.php(499): CodeIgniter\CodeIgniter->runController(Object(App\Controllers\Usuario))
 7 SYSTEMPATH\CodeIgniter.php(368): CodeIgniter\CodeIgniter->handleRequest(null, Object(Config\Cache), false)
 8 FCPATH\index.php(67): CodeIgniter\CodeIgniter->run()
 9 SYSTEMPATH\Commands\Server\rewrite.php(47): require_once('C:\\xampp\\htdocs\\projeto-clinica\\public\\index.php')
CRITICAL - 2023-05-18 19:54:52 --> Undefined variable $title
in APPPATH\Views\template\head.php on line 4.
 1 APPPATH\Views\template\head.php(4): CodeIgniter\Debug\Exceptions->errorHandler(2, 'Undefined variable $title', 'C:\\xampp\\htdocs\\projeto-clinica\\app\\Views\\template\\head.php', 4)
 2 SYSTEMPATH\View\View.php(213): include('C:\\xampp\\htdocs\\projeto-clinica\\app\\Views\\template\\head.php')
 3 SYSTEMPATH\View\View.php(216): CodeIgniter\View\View->CodeIgniter\View\{closure}()
 4 SYSTEMPATH\Common.php(1184): CodeIgniter\View\View->render('template/head.php', [], true)
 5 APPPATH\Views\app\app.php(4): view('template/head.php')
 6 SYSTEMPATH\View\View.php(213): include('C:\\xampp\\htdocs\\projeto-clinica\\app\\Views\\app\\app.php')
 7 SYSTEMPATH\View\View.php(216): CodeIgniter\View\View->CodeIgniter\View\{closure}()
 8 SYSTEMPATH\View\View.php(229): CodeIgniter\View\View->render('app/app', [], true)
 9 SYSTEMPATH\Common.php(1184): CodeIgniter\View\View->render('pages/usuario/index.php', [], true)
10 APPPATH\Controllers\Usuario.php(19): view('pages/usuario/index.php')
11 SYSTEMPATH\CodeIgniter.php(934): App\Controllers\Usuario->index()
12 SYSTEMPATH\CodeIgniter.php(499): CodeIgniter\CodeIgniter->runController(Object(App\Controllers\Usuario))
13 SYSTEMPATH\CodeIgniter.php(368): CodeIgniter\CodeIgniter->handleRequest(null, Object(Config\Cache), false)
14 FCPATH\index.php(67): CodeIgniter\CodeIgniter->run()
15 SYSTEMPATH\Commands\Server\rewrite.php(47): require_once('C:\\xampp\\htdocs\\projeto-clinica\\public\\index.php')
CRITICAL - 2023-05-18 20:01:53 --> Undefined variable $title
in APPPATH\Views\template\head.php on line 4.
 1 APPPATH\Views\template\head.php(4): CodeIgniter\Debug\Exceptions->errorHandler(2, 'Undefined variable $title', 'C:\\xampp\\htdocs\\projeto-clinica\\app\\Views\\template\\head.php', 4)
 2 SYSTEMPATH\View\View.php(213): include('C:\\xampp\\htdocs\\projeto-clinica\\app\\Views\\template\\head.php')
 3 SYSTEMPATH\View\View.php(216): CodeIgniter\View\View->CodeIgniter\View\{closure}()
 4 SYSTEMPATH\Common.php(1184): CodeIgniter\View\View->render('template/head', [], true)
 5 APPPATH\Views\app\app.php(4): view('template/head')
 6 SYSTEMPATH\View\View.php(213): include('C:\\xampp\\htdocs\\projeto-clinica\\app\\Views\\app\\app.php')
 7 SYSTEMPATH\View\View.php(216): CodeIgniter\View\View->CodeIgniter\View\{closure}()
 8 SYSTEMPATH\View\View.php(229): CodeIgniter\View\View->render('app/app', [], true)
 9 SYSTEMPATH\Common.php(1184): CodeIgniter\View\View->render('pages/usuario/index', [], true)
10 APPPATH\Controllers\Usuario.php(17): view('pages/usuario/index')
11 SYSTEMPATH\CodeIgniter.php(934): App\Controllers\Usuario->index()
12 SYSTEMPATH\CodeIgniter.php(499): CodeIgniter\CodeIgniter->runController(Object(App\Controllers\Usuario))
13 SYSTEMPATH\CodeIgniter.php(368): CodeIgniter\CodeIgniter->handleRequest(null, Object(Config\Cache), false)
14 FCPATH\index.php(67): CodeIgniter\CodeIgniter->run()
15 SYSTEMPATH\Commands\Server\rewrite.php(47): require_once('C:\\xampp\\htdocs\\projeto-clinica\\public\\index.php')
CRITICAL - 2023-05-18 20:02:14 --> Undefined variable $title
in APPPATH\Views\template\head.php on line 4.
 1 APPPATH\Views\template\head.php(4): CodeIgniter\Debug\Exceptions->errorHandler(2, 'Undefined variable $title', 'C:\\xampp\\htdocs\\projeto-clinica\\app\\Views\\template\\head.php', 4)
 2 SYSTEMPATH\View\View.php(213): include('C:\\xampp\\htdocs\\projeto-clinica\\app\\Views\\template\\head.php')
 3 SYSTEMPATH\View\View.php(216): CodeIgniter\View\View->CodeIgniter\View\{closure}()
 4 SYSTEMPATH\Common.php(1184): CodeIgniter\View\View->render('template/head', [], true)
 5 APPPATH\Views\app\app.php(4): view('template/head')
 6 SYSTEMPATH\View\View.php(213): include('C:\\xampp\\htdocs\\projeto-clinica\\app\\Views\\app\\app.php')
 7 SYSTEMPATH\View\View.php(216): CodeIgniter\View\View->CodeIgniter\View\{closure}()
 8 SYSTEMPATH\View\View.php(229): CodeIgniter\View\View->render('app/app', [], true)
 9 SYSTEMPATH\Common.php(1184): CodeIgniter\View\View->render('pages/usuario/index', [], true)
10 APPPATH\Controllers\Usuario.php(17): view('pages/usuario/index')
11 SYSTEMPATH\CodeIgniter.php(934): App\Controllers\Usuario->index()
12 SYSTEMPATH\CodeIgniter.php(499): CodeIgniter\CodeIgniter->runController(Object(App\Controllers\Usuario))
13 SYSTEMPATH\CodeIgniter.php(368): CodeIgniter\CodeIgniter->handleRequest(null, Object(Config\Cache), false)
14 FCPATH\index.php(67): CodeIgniter\CodeIgniter->run()
15 SYSTEMPATH\Commands\Server\rewrite.php(47): require_once('C:\\xampp\\htdocs\\projeto-clinica\\public\\index.php')
CRITICAL - 2023-05-18 20:15:31 --> Invalid file: "templates/searchModal.php"
in SYSTEMPATH\Exceptions\FrameworkException.php on line 33.
 1 SYSTEMPATH\View\View.php(201): CodeIgniter\Exceptions\FrameworkException::forInvalidFile('templates/searchModal.php')
 2 SYSTEMPATH\Common.php(1184): CodeIgniter\View\View->render('templates/searchModal', [], true)
 3 APPPATH\Views\app\app.php(10): view('templates/searchModal')
 4 SYSTEMPATH\View\View.php(213): include('C:\\xampp\\htdocs\\projeto-clinica\\app\\Views\\app\\app.php')
 5 SYSTEMPATH\View\View.php(216): CodeIgniter\View\View->CodeIgniter\View\{closure}()
 6 SYSTEMPATH\View\View.php(229): CodeIgniter\View\View->render('app/app', [], true)
 7 SYSTEMPATH\Common.php(1184): CodeIgniter\View\View->render('pages/usuario/index', [], true)
 8 APPPATH\Controllers\Usuario.php(15): view('pages/usuario/index', [...])
 9 SYSTEMPATH\CodeIgniter.php(934): App\Controllers\Usuario->index()
10 SYSTEMPATH\CodeIgniter.php(499): CodeIgniter\CodeIgniter->runController(Object(App\Controllers\Usuario))
11 SYSTEMPATH\CodeIgniter.php(368): CodeIgniter\CodeIgniter->handleRequest(null, Object(Config\Cache), false)
12 FCPATH\index.php(67): CodeIgniter\CodeIgniter->run()
13 SYSTEMPATH\Commands\Server\rewrite.php(47): require_once('C:\\xampp\\htdocs\\projeto-clinica\\public\\index.php')
CRITICAL - 2023-05-18 20:19:00 --> Invalid file: "templates/searchModal.php"
in SYSTEMPATH\Exceptions\FrameworkException.php on line 33.
 1 SYSTEMPATH\View\View.php(201): CodeIgniter\Exceptions\FrameworkException::forInvalidFile('templates/searchModal.php')
 2 SYSTEMPATH\Common.php(1184): CodeIgniter\View\View->render('templates/searchModal', [], true)
 3 APPPATH\Views\app\app.php(10): view('templates/searchModal')
 4 SYSTEMPATH\View\View.php(213): include('C:\\xampp\\htdocs\\projeto-clinica\\app\\Views\\app\\app.php')
 5 SYSTEMPATH\View\View.php(216): CodeIgniter\View\View->CodeIgniter\View\{closure}()
 6 SYSTEMPATH\View\View.php(229): CodeIgniter\View\View->render('app/app', [], true)
 7 SYSTEMPATH\Common.php(1184): CodeIgniter\View\View->render('pages/usuario/index', [], true)
 8 APPPATH\Controllers\Usuario.php(15): view('pages/usuario/index', [...])
 9 SYSTEMPATH\CodeIgniter.php(934): App\Controllers\Usuario->index()
10 SYSTEMPATH\CodeIgniter.php(499): CodeIgniter\CodeIgniter->runController(Object(App\Controllers\Usuario))
11 SYSTEMPATH\CodeIgniter.php(368): CodeIgniter\CodeIgniter->handleRequest(null, Object(Config\Cache), false)
12 FCPATH\index.php(67): CodeIgniter\CodeIgniter->run()
13 SYSTEMPATH\Commands\Server\rewrite.php(47): require_once('C:\\xampp\\htdocs\\projeto-clinica\\public\\index.php')
